[ 50%] [32mBuilding CXX object CMakeFiles/thrust_publisher.dir/src/thrust_publisher.cpp.o[0m
[01m[K/home/hollowknight/Documents/code/Doe/src/doe_control/src/thrust_publisher.cpp:142:14:[m[K [01;31m[Kerror: [m[Kâ€˜[01m[KThrust[m[Kâ€™ has not been declared
  142 |     uint32_t [01;31m[KThrust[m[K::forceToLevel(double force) const{
      |              [01;31m[K^~~~~~[m[K
[01m[K/home/hollowknight/Documents/code/Doe/src/doe_control/src/thrust_publisher.cpp:142:49:[m[K [01;31m[Kerror: [m[Knon-member function â€˜[01m[Kuint32_t doe_control::[01;32m[KforceToLevel[m[K(double)[m[Kâ€™ cannot have cv-qualifier
  142 |     uint32_t Thrust::forceToLevel(double force) [01;31m[Kconst[m[K{
      |                                                 [01;31m[K^~~~~[m[K
[01m[K/home/hollowknight/Documents/code/Doe/src/doe_control/src/thrust_publisher.cpp:[m[K In function â€˜[01m[Kuint32_t doe_control::[01;32m[KforceToLevel[m[K(double)[m[Kâ€™:
[01m[K/home/hollowknight/Documents/code/Doe/src/doe_control/src/thrust_publisher.cpp:151:61:[m[K [01;31m[Kerror: [m[Kâ€˜[01m[Kmax_fwd_[m[Kâ€™ was not declared in this scope
  151 |             t_level = (uint32_t) (std::ceil(std::min(force, [01;31m[Kmax_fwd_[m[K) / max_fwd_ * (encode_levels_/2 - 1)));
      |                                                             [01;31m[K^~~~~~~~[m[K
[01m[K/home/hollowknight/Documents/code/Doe/src/doe_control/src/thrust_publisher.cpp:151:85:[m[K [01;31m[Kerror: [m[Kâ€˜[01m[Kencode_levels_[m[Kâ€™ was not declared in this scope
  151 |             t_level = (uint32_t) (std::ceil(std::min(force, max_fwd_) / max_fwd_ * ([01;31m[Kencode_levels_[m[K/2 - 1)));
      |                                                                                     [01;31m[K^~~~~~~~~~~~~~[m[K
[01m[K/home/hollowknight/Documents/code/Doe/src/doe_control/src/thrust_publisher.cpp:158:63:[m[K [01;31m[Kerror: [m[Kâ€˜[01m[Kmax_rev_[m[Kâ€™ was not declared in this scope
  158 |         t_level = (uint32_t) (16 - std::ceil(std::max(force, -[01;31m[Kmax_rev_[m[K) / -max_rev_ * (encode_levels_/2)));
      |                                                               [01;31m[K^~~~~~~~[m[K
[01m[K/home/hollowknight/Documents/code/Doe/src/doe_control/src/thrust_publisher.cpp:158:88:[m[K [01;31m[Kerror: [m[Kâ€˜[01m[Kencode_levels_[m[Kâ€™ was not declared in this scope
  158 |        t_level = (uint32_t) (16 - std::ceil(std::max(force, -max_rev_) / -max_rev_ * ([01;31m[Kencode_levels_[m[K/2)));
      |                                                                                       [01;31m[K^~~~~~~~~~~~~~[m[K

[01m[K/home/hollowknight/Documents/code/Doe/src/doe_control/src/thrust_publisher.cpp:161:38:[m[K [01;31m[Kerror: [m[Kâ€˜[01m[Kbits_per_thruster_[m[Kâ€™ was not declared in this scope
  161 |         t_level &= ((uint32_t)pow(2, [01;31m[Kbits_per_thruster_[m[K) - 1);
      |                                      [01;31m[K^~~~~~~~~~~~~~~~~~[m[K
[01m[K/home/hollowknight/Documents/code/Doe/src/doe_control/src/thrust_publisher.cpp:[m[K In function â€˜[01m[Kint[01;32m[K main[m[K(int, char**)[m[Kâ€™:
[01m[K/home/hollowknight/Documents/code/Doe/src/doe_control/src/thrust_publisher.cpp:175:35:[m[K [01;31m[Kerror: [m[Kâ€˜[01m[Ktriton_controls[m[Kâ€™ was not declared in this scope
  175 |     rclcpp::spin(std::make_shared<[01;31m[Ktriton_controls[m[K::ThrustPublisher>(options));
      |                                   [01;31m[K^~~~~~~~~~~~~~~[m[K
[01m[K/home/hollowknight/Documents/code/Doe/src/doe_control/src/thrust_publisher.cpp:175:23:[m[K [01;31m[Kerror: [m[Kparse error in template argument list
  175 |     rclcpp::spin(std::[01;31m[Kmake_shared<triton_controls::ThrustPublisher>[m[K(options));
      |                       [01;31m[K^~~~~~~~~~~~~~~~~~~~~~~~~~~~~~~~~~~~~~~~~~~~~[m[K
[01m[K/home/hollowknight/Documents/code/Doe/src/doe_control/src/thrust_publisher.cpp:175:68:[m[K [01;31m[Kerror: [m[Kno matching function for call to â€˜[01m[Kmake_shared<<expression error> >(rclcpp::NodeOptions&)[m[Kâ€™
  175 |     rclcpp::spin([01;31m[Kstd::make_shared<triton_controls::ThrustPublisher>(options)[m[K);
      |                  [01;31m[K~~~~~~~~~~~~~~~~~~~~~~~~~~~~~~~~~~~~~~~~~~~~~~~~~~^~~~~~~~~[m[K
In file included from [01m[K/usr/include/c++/13/memory:80[m[K,
                 from [01m[K/usr/local/include/opencv4/opencv2/core/cvstd_wrapper.hpp:11[m[K,
                 from [01m[K/usr/local/include/opencv4/opencv2/core/cvstd.hpp:81[m[K,
                 from [01m[K/usr/local/include/opencv4/opencv2/core/base.hpp:58[m[K,
                 from [01m[K/usr/local/include/opencv4/opencv2/core.hpp:53[m[K,
                 from [01m[K/home/hollowknight/Documents/code/Doe/src/doe_control/include/doe_control/thrust_publisher.hpp:8[m[K,
                 from [01m[K/home/hollowknight/Documents/code/Doe/src/doe_control/src/thrust_publisher.cpp:1[m[K:
[01m[K/usr/include/c++/13/bits/shared_ptr.h:1005:5:[m[K [01;36m[Knote: [m[Kcandidate: â€˜[01m[Ktemplate<class _Tp, class ... _Args> std::shared_ptr<typename std::enable_if<(! std::is_array< <template-parameter-1-1> >::value), _Tp>::type> std::[01;32m[Kmake_shared[m[K(_Args&& ...)[m[Kâ€™
 1005 |     [01;36m[Kmake_shared[m[K(_Args&&... __args)
      |     [01;36m[K^~~~~~~~~~~[m[K
[01m[K/usr/include/c++/13/bits/shared_ptr.h:1005:5:[m[K [01;36m[Knote: [m[K  template argument deduction/substitution failed:
[01m[K/home/hollowknight/Documents/code/Doe/src/doe_control/src/thrust_publisher.cpp:175:68:[m[K [01;31m[Kerror: [m[Ktemplate argument 1 is invalid
  175 |     rclcpp::spin([01;31m[Kstd::make_shared<triton_controls::ThrustPublisher>(options)[m[K);
      |                  [01;31m[K~~~~~~~~~~~~~~~~~~~~~~~~~~~~~~~~~~~~~~~~~~~~~~~~~~^~~~~~~~~[m[K
gmake[2]: *** [CMakeFiles/thrust_publisher.dir/build.make:76: CMakeFiles/thrust_publisher.dir/src/thrust_publisher.cpp.o] Error 1
gmake[1]: *** [CMakeFiles/Makefile2:137: CMakeFiles/thrust_publisher.dir/all] Error 2
gmake: *** [Makefile:146: all] Error 2
