-- Found ament_cmake: 2.5.2 (/opt/ros/jazzy/share/ament_cmake/cmake)
-- Found rclcpp: 28.1.5 (/opt/ros/jazzy/share/rclcpp/cmake)
-- Found rosidl_generator_c: 4.6.4 (/opt/ros/jazzy/share/rosidl_generator_c/cmake)
-- Found rosidl_generator_cpp: 4.6.4 (/opt/ros/jazzy/share/rosidl_generator_cpp/cmake)
-- Using all available rosidl_typesupport_c: rosidl_typesupport_fastrtps_c;rosidl_typesupport_introspection_c
-- Using all available rosidl_typesupport_cpp: rosidl_typesupport_fastrtps_cpp;rosidl_typesupport_introspection_cpp
-- Found rmw_implementation_cmake: 7.3.1 (/opt/ros/jazzy/share/rmw_implementation_cmake/cmake)
-- Found rmw_fastrtps_cpp: 8.4.1 (/opt/ros/jazzy/share/rmw_fastrtps_cpp/cmake)
-- Using RMW implementation 'rmw_fastrtps_cpp' as default
-- Found rclcpp_components: 28.1.5 (/opt/ros/jazzy/share/rclcpp_components/cmake)
-- Found geometry_msgs: 5.3.5 (/opt/ros/jazzy/share/geometry_msgs/cmake)
-- Found sensor_msgs: 5.3.5 (/opt/ros/jazzy/share/sensor_msgs/cmake)
-- Found nav_msgs: 5.3.5 (/opt/ros/jazzy/share/nav_msgs/cmake)
-- Found tf2: 0.36.4 (/opt/ros/jazzy/share/tf2/cmake)
-- Found ament_lint_auto: 0.17.1 (/opt/ros/jazzy/share/ament_lint_auto/cmake)
-- Added test 'cppcheck' to perform static code analysis on C / C++ code
-- Configured cppcheck include dirs: /home/hollowknight/Documents/code/Doe/src/doe_control/include
-- Configured cppcheck exclude dirs and/or files: 
-- Added test 'lint_cmake' to check CMake code style
-- Added test 'uncrustify' to check C / C++ code style
-- Configured uncrustify additional arguments: 
-- Added test 'xmllint' to check XML markup files
-- Configuring done (0.5s)
-- Generating done (0.0s)
-- Build files have been written to: /home/hollowknight/Documents/code/Doe/build/doe_control
[ 50%] [32mBuilding CXX object CMakeFiles/thrust_publisher.dir/src/thrust_publisher.cpp.o[0m
[01m[K/home/hollowknight/Documents/code/Doe/src/doe_control/src/thrust_publisher.cpp:[m[K In constructor â€˜[01m[Kdoe_control::ThrustPublisher::[01;32m[KThrustPublisher[m[K(const rclcpp::NodeOptions&)[m[Kâ€™:
[01m[K/home/hollowknight/Documents/code/Doe/src/doe_control/src/thrust_publisher.cpp:17:5:[m[K [01;31m[Kerror: [m[Kexpected identifier before â€˜[01m[K{[m[Kâ€™ token
   17 |     [01;31m[K{[m[K
      |     [01;31m[K^[m[K
In file included from [01m[K/opt/ros/jazzy/include/rclcpp/rclcpp/logging.hpp:24[m[K,
                 from [01m[K/opt/ros/jazzy/include/rclcpp/rclcpp/copy_all_parameter_values.hpp:27[m[K,
                 from [01m[K/opt/ros/jazzy/include/rclcpp/rclcpp/rclcpp.hpp:171[m[K,
                 from [01m[K/home/hollowknight/Documents/code/Doe/src/doe_control/include/doe_control/thrust_publisher.hpp:9[m[K,
                 from [01m[K/home/hollowknight/Documents/code/Doe/src/doe_control/src/thrust_publisher.cpp:1[m[K:
[01m[K/home/hollowknight/Documents/code/Doe/src/doe_control/src/thrust_publisher.cpp:61:77:[m[K [01;31m[Kerror: [m[Kâ€˜[01m[Kclass cv::Mat[m[Kâ€™ has no member named â€˜[01m[Kdump[m[Kâ€™
   61 |         RCLCPP_INFO(this->get_logger(), "Allocation Matrix:\n%s", alloc_mat.[01;31m[Kdump[m[K().c_str());
      |                                                                             [01;31m[K^~~~[m[K
[01m[K/home/hollowknight/Documents/code/Doe/src/doe_control/src/thrust_publisher.cpp:[m[K At global scope:
[01m[K/home/hollowknight/Documents/code/Doe/src/doe_control/src/thrust_publisher.cpp:142:14:[m[K [01;31m[Kerror: [m[Kâ€˜[01m[KThrust[m[Kâ€™ has not been declared
  142 |     uint32_t [01;31m[KThrust[m[K::forceToLevel(double force) const{
      |              [01;31m[K^~~~~~[m[K
[01m[K/home/hollowknight/Documents/code/Doe/src/doe_control/src/thrust_publisher.cpp:142:49:[m[K [01;31m[Kerror: [m[Knon-member function â€˜[01m[Kuint32_t doe_control::[01;32m[KforceToLevel[m[K(double)[m[Kâ€™ cannot have cv-qualifier
  142 |     uint32_t Thrust::forceToLevel(double force) [01;31m[Kconst[m[K{
      |                                                 [01;31m[K^~~~~[m[K
[01m[K/home/hollowknight/Documents/code/Doe/src/doe_control/src/thrust_publisher.cpp:[m[K In function â€˜[01m[Kuint32_t doe_control::[01;32m[KforceToLevel[m[K(double)[m[Kâ€™:
[01m[K/home/hollowknight/Documents/code/Doe/src/doe_control/src/thrust_publisher.cpp:151:61:[m[K [01;31m[Kerror: [m[Kâ€˜[01m[Kmax_fwd_[m[Kâ€™ was not declared in this scope
  151 |             t_level = (uint32_t) (std::ceil(std::min(force, [01;31m[Kmax_fwd_[m[K) / max_fwd_ * (encode_levels_/2 - 1)));
      |                                                             [01;31m[K^~~~~~~~[m[K
[01m[K/home/hollowknight/Documents/code/Doe/src/doe_control/src/thrust_publisher.cpp:151:85:[m[K [01;31m[Kerror: [m[Kâ€˜[01m[Kencode_levels_[m[Kâ€™ was not declared in this scope
  151 |             t_level = (uint32_t) (std::ceil(std::min(force, max_fwd_) / max_fwd_ * ([01;31m[Kencode_levels_[m[K/2 - 1)));
      |                                                                                     [01;31m[K^~~~~~~~~~~~~~[m[K
[01m[K/home/hollowknight/Documents/code/Doe/src/doe_control/src/thrust_publisher.cpp:158:63:[m[K [01;31m[Kerror: [m[Kâ€˜[01m[Kmax_rev_[m[Kâ€™ was not declared in this scope
  158 |         t_level = (uint32_t) (16 - std::ceil(std::max(force, -[01;31m[Kmax_rev_[m[K) / -max_rev_ * (encode_levels_/2)));
      |                                                               [01;31m[K^~~~~~~~[m[K
[01m[K/home/hollowknight/Documents/code/Doe/src/doe_control/src/thrust_publisher.cpp:158:88:[m[K [01;31m[Kerror: [m[Kâ€˜[01m[Kencode_levels_[m[Kâ€™ was not declared in this scope
  158 |        t_level = (uint32_t) (16 - std::ceil(std::max(force, -max_rev_) / -max_rev_ * ([01;31m[Kencode_levels_[m[K/2)));
      |                                                                                       [01;31m[K^~~~~~~~~~~~~~[m[K

[01m[K/home/hollowknight/Documents/code/Doe/src/doe_control/src/thrust_publisher.cpp:161:38:[m[K [01;31m[Kerror: [m[Kâ€˜[01m[Kbits_per_thruster_[m[Kâ€™ was not declared in this scope
  161 |         t_level &= ((uint32_t)pow(2, [01;31m[Kbits_per_thruster_[m[K) - 1);
      |                                      [01;31m[K^~~~~~~~~~~~~~~~~~[m[K
gmake[2]: *** [CMakeFiles/thrust_publisher.dir/build.make:76: CMakeFiles/thrust_publisher.dir/src/thrust_publisher.cpp.o] Error 1
gmake[1]: *** [CMakeFiles/Makefile2:137: CMakeFiles/thrust_publisher.dir/all] Error 2
gmake: *** [Makefile:146: all] Error 2
